[0.497s] Invoking command in '/root/ros2_ws/src/example_pkg': PYTHONPATH=/root/ros2_ws/build/example_pkg/prefix_override:/usr/lib/python3/dist-packages/colcon_core/task/python/colcon_distutils_commands:/root/ros2_ws/install/example_pkg/lib/python3.12/site-packages:${PYTHONPATH} /usr/bin/python3 -W ignore:setup.py install is deprecated setup.py egg_info --egg-base ../../build/example_pkg build --build-base /root/ros2_ws/build/example_pkg/build install --record /root/ros2_ws/build/example_pkg/install.log --single-version-externally-managed install_data
[0.648s] running egg_info
[0.656s] writing ../../build/example_pkg/example_pkg.egg-info/PKG-INFO
[0.657s] writing dependency_links to ../../build/example_pkg/example_pkg.egg-info/dependency_links.txt
[0.657s] writing entry points to ../../build/example_pkg/example_pkg.egg-info/entry_points.txt
[0.657s] writing requirements to ../../build/example_pkg/example_pkg.egg-info/requires.txt
[0.657s] writing top-level names to ../../build/example_pkg/example_pkg.egg-info/top_level.txt
[0.676s] reading manifest file '../../build/example_pkg/example_pkg.egg-info/SOURCES.txt'
[0.676s] writing manifest file '../../build/example_pkg/example_pkg.egg-info/SOURCES.txt'
[0.677s] running build
[0.677s] running build_py
[0.677s] copying example_pkg/example_node.py -> /root/ros2_ws/build/example_pkg/build/lib/example_pkg
[0.677s] running install
[0.681s] running install_lib
[0.691s] copying /root/ros2_ws/build/example_pkg/build/lib/example_pkg/example_node.py -> /root/ros2_ws/install/example_pkg/lib/python3.12/site-packages/example_pkg
[0.691s] byte-compiling /root/ros2_ws/install/example_pkg/lib/python3.12/site-packages/example_pkg/example_node.py to example_node.cpython-312.pyc
[0.692s] running install_data
[0.692s] running install_egg_info
[0.702s] removing '/root/ros2_ws/install/example_pkg/lib/python3.12/site-packages/example_pkg-0.0.0-py3.12.egg-info' (and everything under it)
[0.702s] Copying ../../build/example_pkg/example_pkg.egg-info to /root/ros2_ws/install/example_pkg/lib/python3.12/site-packages/example_pkg-0.0.0-py3.12.egg-info
[0.703s] running install_scripts
[0.775s] Installing example_node script to /root/ros2_ws/install/example_pkg/lib/example_pkg
[0.776s] writing list of installed files to '/root/ros2_ws/build/example_pkg/install.log'
[0.793s] Invoked command in '/root/ros2_ws/src/example_pkg' returned '0': PYTHONPATH=/root/ros2_ws/build/example_pkg/prefix_override:/usr/lib/python3/dist-packages/colcon_core/task/python/colcon_distutils_commands:/root/ros2_ws/install/example_pkg/lib/python3.12/site-packages:${PYTHONPATH} /usr/bin/python3 -W ignore:setup.py install is deprecated setup.py egg_info --egg-base ../../build/example_pkg build --build-base /root/ros2_ws/build/example_pkg/build install --record /root/ros2_ws/build/example_pkg/install.log --single-version-externally-managed install_data
