running egg_info
creating ../../build/example_pkg/example_pkg.egg-info
writing ../../build/example_pkg/example_pkg.egg-info/PKG-INFO
writing dependency_links to ../../build/example_pkg/example_pkg.egg-info/dependency_links.txt
writing entry points to ../../build/example_pkg/example_pkg.egg-info/entry_points.txt
writing requirements to ../../build/example_pkg/example_pkg.egg-info/requires.txt
writing top-level names to ../../build/example_pkg/example_pkg.egg-info/top_level.txt
writing manifest file '../../build/example_pkg/example_pkg.egg-info/SOURCES.txt'
reading manifest file '../../build/example_pkg/example_pkg.egg-info/SOURCES.txt'
writing manifest file '../../build/example_pkg/example_pkg.egg-info/SOURCES.txt'
running build
running build_py
creating /root/ros2_ws/build/example_pkg/build
creating /root/ros2_ws/build/example_pkg/build/lib
creating /root/ros2_ws/build/example_pkg/build/lib/example_pkg
copying example_pkg/example_node.py -> /root/ros2_ws/build/example_pkg/build/lib/example_pkg
copying example_pkg/__init__.py -> /root/ros2_ws/build/example_pkg/build/lib/example_pkg
running install
running install_lib
creating /root/ros2_ws/install/example_pkg/lib/python3.12/site-packages/example_pkg
copying /root/ros2_ws/build/example_pkg/build/lib/example_pkg/example_node.py -> /root/ros2_ws/install/example_pkg/lib/python3.12/site-packages/example_pkg
copying /root/ros2_ws/build/example_pkg/build/lib/example_pkg/__init__.py -> /root/ros2_ws/install/example_pkg/lib/python3.12/site-packages/example_pkg
byte-compiling /root/ros2_ws/install/example_pkg/lib/python3.12/site-packages/example_pkg/example_node.py to example_node.cpython-312.pyc
byte-compiling /root/ros2_ws/install/example_pkg/lib/python3.12/site-packages/example_pkg/__init__.py to __init__.cpython-312.pyc
running install_data
creating /root/ros2_ws/install/example_pkg/share/ament_index
creating /root/ros2_ws/install/example_pkg/share/ament_index/resource_index
creating /root/ros2_ws/install/example_pkg/share/ament_index/resource_index/packages
copying resource/example_pkg -> /root/ros2_ws/install/example_pkg/share/ament_index/resource_index/packages
copying package.xml -> /root/ros2_ws/install/example_pkg/share/example_pkg
running install_egg_info
Copying ../../build/example_pkg/example_pkg.egg-info to /root/ros2_ws/install/example_pkg/lib/python3.12/site-packages/example_pkg-0.0.0-py3.12.egg-info
running install_scripts
Installing example_node script to /root/ros2_ws/install/example_pkg/lib/example_pkg
writing list of installed files to '/root/ros2_ws/build/example_pkg/install.log'
