[0.465s] Invoking command in '/root/ros2_ws/src/example_pkg': PYTHONPATH=/root/ros2_ws/build/example_pkg/prefix_override:/usr/lib/python3/dist-packages/colcon_core/task/python/colcon_distutils_commands:/root/ros2_ws/install/example_pkg/lib/python3.12/site-packages:${PYTHONPATH} /usr/bin/python3 -W ignore:setup.py install is deprecated setup.py egg_info --egg-base ../../build/example_pkg build --build-base /root/ros2_ws/build/example_pkg/build install --record /root/ros2_ws/build/example_pkg/install.log --single-version-externally-managed install_data
[0.625s] running egg_info
[0.625s] creating ../../build/example_pkg/example_pkg.egg-info
[0.635s] writing ../../build/example_pkg/example_pkg.egg-info/PKG-INFO
[0.635s] writing dependency_links to ../../build/example_pkg/example_pkg.egg-info/dependency_links.txt
[0.635s] writing entry points to ../../build/example_pkg/example_pkg.egg-info/entry_points.txt
[0.636s] writing requirements to ../../build/example_pkg/example_pkg.egg-info/requires.txt
[0.636s] writing top-level names to ../../build/example_pkg/example_pkg.egg-info/top_level.txt
[0.636s] writing manifest file '../../build/example_pkg/example_pkg.egg-info/SOURCES.txt'
[0.655s] reading manifest file '../../build/example_pkg/example_pkg.egg-info/SOURCES.txt'
[0.655s] writing manifest file '../../build/example_pkg/example_pkg.egg-info/SOURCES.txt'
[0.656s] running build
[0.656s] running build_py
[0.656s] creating /root/ros2_ws/build/example_pkg/build
[0.656s] creating /root/ros2_ws/build/example_pkg/build/lib
[0.656s] creating /root/ros2_ws/build/example_pkg/build/lib/example_pkg
[0.656s] copying example_pkg/example_node.py -> /root/ros2_ws/build/example_pkg/build/lib/example_pkg
[0.656s] copying example_pkg/__init__.py -> /root/ros2_ws/build/example_pkg/build/lib/example_pkg
[0.656s] running install
[0.660s] running install_lib
[0.670s] creating /root/ros2_ws/install/example_pkg/lib/python3.12/site-packages/example_pkg
[0.671s] copying /root/ros2_ws/build/example_pkg/build/lib/example_pkg/example_node.py -> /root/ros2_ws/install/example_pkg/lib/python3.12/site-packages/example_pkg
[0.671s] copying /root/ros2_ws/build/example_pkg/build/lib/example_pkg/__init__.py -> /root/ros2_ws/install/example_pkg/lib/python3.12/site-packages/example_pkg
[0.671s] byte-compiling /root/ros2_ws/install/example_pkg/lib/python3.12/site-packages/example_pkg/example_node.py to example_node.cpython-312.pyc
[0.671s] byte-compiling /root/ros2_ws/install/example_pkg/lib/python3.12/site-packages/example_pkg/__init__.py to __init__.cpython-312.pyc
[0.672s] running install_data
[0.672s] creating /root/ros2_ws/install/example_pkg/share/ament_index
[0.672s] creating /root/ros2_ws/install/example_pkg/share/ament_index/resource_index
[0.672s] creating /root/ros2_ws/install/example_pkg/share/ament_index/resource_index/packages
[0.672s] copying resource/example_pkg -> /root/ros2_ws/install/example_pkg/share/ament_index/resource_index/packages
[0.672s] copying package.xml -> /root/ros2_ws/install/example_pkg/share/example_pkg
[0.673s] running install_egg_info
[0.683s] Copying ../../build/example_pkg/example_pkg.egg-info to /root/ros2_ws/install/example_pkg/lib/python3.12/site-packages/example_pkg-0.0.0-py3.12.egg-info
[0.684s] running install_scripts
[0.759s] Installing example_node script to /root/ros2_ws/install/example_pkg/lib/example_pkg
[0.760s] writing list of installed files to '/root/ros2_ws/build/example_pkg/install.log'
[0.779s] Invoked command in '/root/ros2_ws/src/example_pkg' returned '0': PYTHONPATH=/root/ros2_ws/build/example_pkg/prefix_override:/usr/lib/python3/dist-packages/colcon_core/task/python/colcon_distutils_commands:/root/ros2_ws/install/example_pkg/lib/python3.12/site-packages:${PYTHONPATH} /usr/bin/python3 -W ignore:setup.py install is deprecated setup.py egg_info --egg-base ../../build/example_pkg build --build-base /root/ros2_ws/build/example_pkg/build install --record /root/ros2_ws/build/example_pkg/install.log --single-version-externally-managed install_data
