[0.491s] Invoking command in '/root/ros2_ws/src/example_pkg': PYTHONPATH=/root/ros2_ws/build/example_pkg/prefix_override:/usr/lib/python3/dist-packages/colcon_core/task/python/colcon_distutils_commands:/root/ros2_ws/install/example_pkg/lib/python3.12/site-packages:${PYTHONPATH} /usr/bin/python3 -W ignore:setup.py install is deprecated setup.py egg_info --egg-base ../../build/example_pkg build --build-base /root/ros2_ws/build/example_pkg/build install --record /root/ros2_ws/build/example_pkg/install.log --single-version-externally-managed install_data
[0.644s] running egg_info
[0.653s] writing ../../build/example_pkg/example_pkg.egg-info/PKG-INFO
[0.654s] writing dependency_links to ../../build/example_pkg/example_pkg.egg-info/dependency_links.txt
[0.654s] writing entry points to ../../build/example_pkg/example_pkg.egg-info/entry_points.txt
[0.654s] writing requirements to ../../build/example_pkg/example_pkg.egg-info/requires.txt
[0.654s] writing top-level names to ../../build/example_pkg/example_pkg.egg-info/top_level.txt
[0.673s] reading manifest file '../../build/example_pkg/example_pkg.egg-info/SOURCES.txt'
[0.674s] writing manifest file '../../build/example_pkg/example_pkg.egg-info/SOURCES.txt'
[0.674s] running build
[0.674s] running build_py
[0.674s] copying example_pkg/example_node.py -> /root/ros2_ws/build/example_pkg/build/lib/example_pkg
[0.674s] running install
[0.678s] running install_lib
[0.688s] copying /root/ros2_ws/build/example_pkg/build/lib/example_pkg/example_node.py -> /root/ros2_ws/install/example_pkg/lib/python3.12/site-packages/example_pkg
[0.689s] byte-compiling /root/ros2_ws/install/example_pkg/lib/python3.12/site-packages/example_pkg/example_node.py to example_node.cpython-312.pyc
[0.689s] running install_data
[0.689s] running install_egg_info
[0.700s] removing '/root/ros2_ws/install/example_pkg/lib/python3.12/site-packages/example_pkg-0.0.0-py3.12.egg-info' (and everything under it)
[0.700s] Copying ../../build/example_pkg/example_pkg.egg-info to /root/ros2_ws/install/example_pkg/lib/python3.12/site-packages/example_pkg-0.0.0-py3.12.egg-info
[0.701s] running install_scripts
[0.774s] Installing example_node script to /root/ros2_ws/install/example_pkg/lib/example_pkg
[0.774s] writing list of installed files to '/root/ros2_ws/build/example_pkg/install.log'
[0.792s] Invoked command in '/root/ros2_ws/src/example_pkg' returned '0': PYTHONPATH=/root/ros2_ws/build/example_pkg/prefix_override:/usr/lib/python3/dist-packages/colcon_core/task/python/colcon_distutils_commands:/root/ros2_ws/install/example_pkg/lib/python3.12/site-packages:${PYTHONPATH} /usr/bin/python3 -W ignore:setup.py install is deprecated setup.py egg_info --egg-base ../../build/example_pkg build --build-base /root/ros2_ws/build/example_pkg/build install --record /root/ros2_ws/build/example_pkg/install.log --single-version-externally-managed install_data
